[2022-08-01T14:54:53.688] [ERROR] error - Error: read ECONNRESET
    at TLSWrap.onStreamRead (internal/stream_base_commons.js:209:20) {
  errno: -4077,
  code: 'ECONNRESET',
  syscall: 'read'
}
[2022-08-01T14:54:53.689] [ERROR] error - Error: read ECONNRESET
    at TLSWrap.onStreamRead (internal/stream_base_commons.js:209:20) {
  errno: -4077,
  code: 'ECONNRESET',
  syscall: 'read'
}
[2022-08-01T15:10:54.187] [ERROR] error - Error: read ECONNRESET
    at TLSWrap.onStreamRead (internal/stream_base_commons.js:209:20) {
  errno: -4077,
  code: 'ECONNRESET',
  syscall: 'read'
}
[2022-08-01T15:10:54.187] [ERROR] error - Error: read ECONNRESET
    at TLSWrap.onStreamRead (internal/stream_base_commons.js:209:20) {
  errno: -4077,
  code: 'ECONNRESET',
  syscall: 'read'
}
[2022-08-02T11:21:40.522] [ERROR] error - Error: read ECONNRESET
    at TLSWrap.onStreamRead (node:internal/stream_base_commons:217:20) {
  errno: -4077,
  code: 'ECONNRESET',
  syscall: 'read'
}
[2022-08-02T11:21:40.530] [ERROR] error - Error: read ECONNRESET
    at TLSWrap.onStreamRead (node:internal/stream_base_commons:217:20) {
  errno: -4077,
  code: 'ECONNRESET',
  syscall: 'read'
}
[2022-08-02T11:58:08.442] [ERROR] error - Error: read ECONNRESET
    at TLSWrap.onStreamRead (node:internal/stream_base_commons:217:20) {
  errno: -4077,
  code: 'ECONNRESET',
  syscall: 'read'
}
[2022-08-02T11:58:08.444] [ERROR] error - Error: read ECONNRESET
    at TLSWrap.onStreamRead (node:internal/stream_base_commons:217:20) {
  errno: -4077,
  code: 'ECONNRESET',
  syscall: 'read'
}
[2022-08-02T12:19:02.926] [ERROR] error - Error: read ECONNRESET
    at TLSWrap.onStreamRead (node:internal/stream_base_commons:217:20) {
  errno: -4077,
  code: 'ECONNRESET',
  syscall: 'read'
}
[2022-08-02T12:19:02.932] [ERROR] error - Error: read ECONNRESET
    at TLSWrap.onStreamRead (node:internal/stream_base_commons:217:20) {
  errno: -4077,
  code: 'ECONNRESET',
  syscall: 'read'
}
[2022-08-02T12:35:03.446] [ERROR] error - Error: read ECONNRESET
    at TLSWrap.onStreamRead (node:internal/stream_base_commons:217:20) {
  errno: -4077,
  code: 'ECONNRESET',
  syscall: 'read'
}
[2022-08-02T12:35:03.448] [ERROR] error - Error: read ECONNRESET
    at TLSWrap.onStreamRead (node:internal/stream_base_commons:217:20) {
  errno: -4077,
  code: 'ECONNRESET',
  syscall: 'read'
}
[2022-08-02T12:51:03.954] [ERROR] error - Error: read ECONNRESET
    at TLSWrap.onStreamRead (node:internal/stream_base_commons:217:20) {
  errno: -4077,
  code: 'ECONNRESET',
  syscall: 'read'
}
[2022-08-02T12:51:03.956] [ERROR] error - Error: read ECONNRESET
    at TLSWrap.onStreamRead (node:internal/stream_base_commons:217:20) {
  errno: -4077,
  code: 'ECONNRESET',
  syscall: 'read'
}
[2022-08-02T13:07:04.468] [ERROR] error - Error: read ECONNRESET
    at TLSWrap.onStreamRead (node:internal/stream_base_commons:217:20) {
  errno: -4077,
  code: 'ECONNRESET',
  syscall: 'read'
}
[2022-08-02T13:07:04.470] [ERROR] error - Error: read ECONNRESET
    at TLSWrap.onStreamRead (node:internal/stream_base_commons:217:20) {
  errno: -4077,
  code: 'ECONNRESET',
  syscall: 'read'
}
